<?xml version="1.0" encoding="UTF-8"?>
<testsuite name="VideoAnsteuerungen" tests="1" skipped="0" failures="0" errors="0" timestamp="2022-05-19T14:44:45" hostname="0279W10P" time="6.128">
  <properties/>
  <testcase name="HarkenTest" classname="VideoAnsteuerungen" time="6.128"/>
  <system-out><![CDATA[Socket[addr=/192.168.188.21,port=9012,localport=57018]
Socket[addr=/192.168.188.24,port=9012,localport=57019]
Socket[addr=/192.168.188.27,port=9012,localport=57020]
Socket[addr=/192.168.188.30,port=9012,localport=57021]
starten der Anwendung
starten der Anwendung1
starten der Anwendung2
XRichtung: W
starten der Anwendung1
starten der Anwendung2
XRichtung: 

starten der Anwendung1
starten der Anwendung2
XRichtung: W

starten der Anwendung1
starten der Anwendung2
XRichtung: W

starten der Anwendung1
starten der Anwendung2
XRichtung: W

starten der Anwendung1
starten der Anwendung2
XRichtung: W

starten der Anwendung1
starten der Anwendung2
XRichtung: W

starten der Anwendung1
starten der Anwendung2
XRichtung: W

starten der Anwendung1
starten der Anwendung2
XRichtung: W

starten der Anwendung1
starten der Anwendung2
XRichtung: W

starten der Anwendung1
starten der Anwendung2
XRichtung: W

starten der Anwendung1
starten der Anwendung2
XRichtung: W

starten der Anwendung1
starten der Anwendung2
XRichtung: W

starten der Anwendung1
starten der Anwendung2
XRichtung: W

starten der Anwendung1
starten der Anwendung2
XRichtung: W

starten der Anwendung1
starten der Anwendung2
XRichtung: W

starten der Anwendung1
starten der Anwendung2
XRichtung: W

starten der Anwendung1
starten der Anwendung2
XRichtung: W

starten der Anwendung1
starten der Anwendung2
XRichtung: W

starten der Anwendung1
starten der Anwendung2
XRichtung: W

starten der Anwendung1
starten der Anwendung2
XRichtung: W

starten der Anwendung1
starten der Anwendung2
XRichtung: W

starten der Anwendung1
starten der Anwendung2
XRichtung: W

starten der Anwendung1
starten der Anwendung2
XRichtung: W
starten der Anwendung1
starten der Anwendung2
XRichtung: 
W

starten der Anwendung1
starten der Anwendung2
XRichtung: W

starten der Anwendung1
starten der Anwendung2
XRichtung: W

starten der Anwendung1
starten der Anwendung2
XRichtung: W
starten der Anwendung1
starten der Anwendung2
XRichtung: 
W

starten der Anwendung1
starten der Anwendung2
XRichtung: W

starten der Anwendung1
starten der Anwendung2
XRichtung: W

starten der Anwendung1
starten der Anwendung2
XRichtung: W

starten der Anwendung1
starten der Anwendung2
XRichtung: W

starten der Anwendung1
starten der Anwendung2
XRichtung: W

starten der Anwendung1
starten der Anwendung2
XRichtung: W

starten der Anwendung1
starten der Anwendung2
XRichtung: W
starten der Anwendung1
starten der Anwendung2
XRichtung: 

starten der Anwendung1
starten der Anwendung2
XRichtung: W

starten der Anwendung1
starten der Anwendung2
XRichtung: W
starten der Anwendung1
starten der Anwendung2
XRichtung: 
W

starten der Anwendung1
starten der Anwendung2
XRichtung: W

starten der Anwendung1
starten der Anwendung2
XRichtung: W

starten der Anwendung1
starten der Anwendung2
XRichtung: W

starten der Anwendung1
starten der Anwendung2
XRichtung: W
W

starten der Anwendung1
starten der Anwendung2
XRichtung: W
starten der Anwendung1
starten der Anwendung2
XRichtung: 
W

starten der Anwendung1
starten der Anwendung2
XRichtung: W
starten der Anwendung1
starten der Anwendung2
XRichtung: 

starten der Anwendung1
starten der Anwendung2
XRichtung: W

starten der Anwendung1
starten der Anwendung2
XRichtung: W

starten der Anwendung1
starten der Anwendung2
XRichtung: W
starten der Anwendung1
starten der Anwendung2
XRichtung: 
W

starten der Anwendung1
starten der Anwendung2
XRichtung: W

starten der Anwendung1
starten der Anwendung2
XRichtung: W
W

starten der Anwendung1
starten der Anwendung2
XRichtung: W

starten der Anwendung1
starten der Anwendung2
XRichtung: W

starten der Anwendung1
starten der Anwendung2
XRichtung: W

starten der Anwendung1
starten der Anwendung2
XRichtung: W

starten der Anwendung1
starten der Anwendung2
XRichtung: W

starten der Anwendung1
starten der Anwendung2
XRichtung: W

starten der Anwendung1
starten der Anwendung2
XRichtung: W

starten der Anwendung1
starten der Anwendung2
XRichtung: W

starten der Anwendung1
starten der Anwendung2
XRichtung: W
starten der Anwendung1
starten der Anwendung2
XRichtung: 
W

starten der Anwendung1
starten der Anwendung2
XRichtung: W
starten der Anwendung1
starten der Anwendung2
XRichtung: 

starten der Anwendung1
starten der Anwendung2
XRichtung: W
W

starten der Anwendung1
starten der Anwendung2
XRichtung: W

starten der Anwendung1
starten der Anwendung2
XRichtung: W
starten der Anwendung1
starten der Anwendung2
XRichtung: 
W

starten der Anwendung1
starten der Anwendung2
XRichtung: W

starten der Anwendung1
starten der Anwendung2
XRichtung: W
starten der Anwendung1
starten der Anwendung2
XRichtung: 
W

starten der Anwendung1
starten der Anwendung2
XRichtung: W
starten der Anwendung1
starten der Anwendung2
XRichtung: 
W

starten der Anwendung1
starten der Anwendung2
XRichtung: W

starten der Anwendung1
starten der Anwendung2
XRichtung: W

starten der Anwendung1
starten der Anwendung2
XRichtung: W

starten der Anwendung1
starten der Anwendung2
XRichtung: W
starten der Anwendung1
starten der Anwendung2
XRichtung: 
W

starten der Anwendung1
starten der Anwendung2
XRichtung: W
starten der Anwendung1
starten der Anwendung2
XRichtung: 

starten der Anwendung1
starten der Anwendung2
XRichtung: W

starten der Anwendung1
starten der Anwendung2
XRichtung: W
starten der Anwendung1
starten der Anwendung2
XRichtung: 
W

starten der Anwendung1
starten der Anwendung2
XRichtung: W

starten der Anwendung1
starten der Anwendung2
XRichtung: W

starten der Anwendung1
starten der Anwendung2
XRichtung: W

starten der Anwendung1
starten der Anwendung2
XRichtung: W

starten der Anwendung1
starten der Anwendung2
XRichtung: W

starten der Anwendung1
starten der Anwendung2
XRichtung: W

starten der Anwendung1
starten der Anwendung2
XRichtung: W

starten der Anwendung1
starten der Anwendung2
XRichtung: W

starten der Anwendung1
starten der Anwendung2
XRichtung: W
starten der Anwendung1
starten der Anwendung2
XRichtung: 

starten der Anwendung1
starten der Anwendung2
XRichtung: W
W

starten der Anwendung1
starten der Anwendung2
XRichtung: W

starten der Anwendung1
starten der Anwendung2
XRichtung: W
starten der Anwendung1
starten der Anwendung2
XRichtung: 

starten der Anwendung1
starten der Anwendung2
XRichtung: W

starten der Anwendung1
starten der Anwendung2
XRichtung: W

starten der Anwendung1
starten der Anwendung2
XRichtung: W

starten der Anwendung1
starten der Anwendung2
XRichtung: W
starten der Anwendung1
starten der Anwendung2
XRichtung: 
W

starten der Anwendung1
starten der Anwendung2
XRichtung: W

starten der Anwendung1
starten der Anwendung2
XRichtung: W

starten der Anwendung1
starten der Anwendung2
XRichtung: W

starten der Anwendung1
starten der Anwendung2
XRichtung: W
starten der Anwendung1
starten der Anwendung2
XRichtung: 
W

starten der Anwendung1
starten der Anwendung2
XRichtung: W

starten der Anwendung1
starten der Anwendung2
XRichtung: W
starten der Anwendung1
starten der Anwendung2
XRichtung: 

starten der Anwendung1
starten der Anwendung2
XRichtung: W

starten der Anwendung1
starten der Anwendung2
XRichtung: W
starten der Anwendung1
starten der Anwendung2
XRichtung: 
W

starten der Anwendung1
starten der Anwendung2
XRichtung: W

starten der Anwendung1
starten der Anwendung2
XRichtung: W

starten der Anwendung1
starten der Anwendung2
XRichtung: W
starten der Anwendung1
starten der Anwendung2
XRichtung: 
W

starten der Anwendung1
starten der Anwendung2
XRichtung: W

starten der Anwendung1
starten der Anwendung2
XRichtung: W

starten der Anwendung1
starten der Anwendung2
XRichtung: W
starten der Anwendung1
starten der Anwendung2
XRichtung: 

starten der Anwendung1
starten der Anwendung2
XRichtung: W

starten der Anwendung1
starten der Anwendung2
XRichtung: W
starten der Anwendung1
starten der Anwendung2
XRichtung: 
W

starten der Anwendung1
starten der Anwendung2
XRichtung: W
starten der Anwendung1
starten der Anwendung2
XRichtung: 
W

starten der Anwendung1
starten der Anwendung2
XRichtung: W
W

starten der Anwendung1
starten der Anwendung2
XRichtung: W
starten der Anwendung1
starten der Anwendung2
XRichtung: 
W

starten der Anwendung1
starten der Anwendung2
XRichtung: W
starten der Anwendung1
starten der Anwendung2
XRichtung: 

starten der Anwendung1
starten der Anwendung2
XRichtung: W

starten der Anwendung1
starten der Anwendung2
XRichtung: W

starten der Anwendung1
starten der Anwendung2
XRichtung: W

starten der Anwendung1
starten der Anwendung2
XRichtung: W

starten der Anwendung1
starten der Anwendung2
XRichtung: W
starten der Anwendung1
starten der Anwendung2
XRichtung: 

starten der Anwendung1
starten der Anwendung2
XRichtung: W

starten der Anwendung1
starten der Anwendung2
XRichtung: W

starten der Anwendung1
starten der Anwendung2
XRichtung: W

starten der Anwendung1
starten der Anwendung2
XRichtung: W

starten der Anwendung1
starten der Anwendung2
XRichtung: W
starten der Anwendung1
starten der Anwendung2
XRichtung: 
W

starten der Anwendung1
starten der Anwendung2
XRichtung: W

starten der Anwendung1
starten der Anwendung2
XRichtung: W
starten der Anwendung1
starten der Anwendung2
XRichtung: 
W

starten der Anwendung1
starten der Anwendung2
XRichtung: W

starten der Anwendung1
starten der Anwendung2
XRichtung: W
starten der Anwendung1
starten der Anwendung2
XRichtung: 
W

starten der Anwendung1
starten der Anwendung2
XRichtung: W

starten der Anwendung1
starten der Anwendung2
XRichtung: W

starten der Anwendung1
starten der Anwendung2
XRichtung: W
starten der Anwendung1
starten der Anwendung2
XRichtung: 

starten der Anwendung1
starten der Anwendung2
XRichtung: W

starten der Anwendung1
starten der Anwendung2
XRichtung: W

starten der Anwendung1
starten der Anwendung2
XRichtung: W

starten der Anwendung1
starten der Anwendung2
XRichtung: W

starten der Anwendung1
starten der Anwendung2
XRichtung: W

starten der Anwendung1
starten der Anwendung2
XRichtung: W

starten der Anwendung1
starten der Anwendung2
XRichtung: W

starten der Anwendung1
starten der Anwendung2
XRichtung: W
starten der Anwendung1
starten der Anwendung2
XRichtung: 

starten der Anwendung1
starten der Anwendung2
XRichtung: W

starten der Anwendung1
starten der Anwendung2
XRichtung: W

starten der Anwendung1
starten der Anwendung2
XRichtung: W

starten der Anwendung1
starten der Anwendung2
XRichtung: W

starten der Anwendung1
starten der Anwendung2
XRichtung: W

starten der Anwendung1
starten der Anwendung2
XRichtung: W
starten der Anwendung1
starten der Anwendung2
XRichtung: 

starten der Anwendung1
starten der Anwendung2
XRichtung: W
W

starten der Anwendung1
starten der Anwendung2
XRichtung: W

starten der Anwendung1
starten der Anwendung2
XRichtung: W
starten der Anwendung1
starten der Anwendung2
XRichtung: 

starten der Anwendung1
starten der Anwendung2
XRichtung: W

starten der Anwendung1
starten der Anwendung2
XRichtung: W

starten der Anwendung1
starten der Anwendung2
XRichtung: W
starten der Anwendung1
starten der Anwendung2
XRichtung: 
W

starten der Anwendung1
starten der Anwendung2
XRichtung: W
starten der Anwendung1
starten der Anwendung2
XRichtung: 
W

starten der Anwendung1
starten der Anwendung2
XRichtung: W

starten der Anwendung1
starten der Anwendung2
XRichtung: W

starten der Anwendung1
starten der Anwendung2
XRichtung: W

starten der Anwendung1
starten der Anwendung2
XRichtung: W
starten der Anwendung1
starten der Anwendung2
XRichtung: 

starten der Anwendung1
starten der Anwendung2
XRichtung: W

starten der Anwendung1
starten der Anwendung2
XRichtung: W

starten der Anwendung1
starten der Anwendung2
XRichtung: W

starten der Anwendung1
starten der Anwendung2
XRichtung: W

starten der Anwendung1
starten der Anwendung2
XRichtung: W
starten der Anwendung1
starten der Anwendung2
XRichtung: 
W

starten der Anwendung1
starten der Anwendung2
XRichtung: W

starten der Anwendung1
starten der Anwendung2
XRichtung: W

starten der Anwendung1
starten der Anwendung2
XRichtung: W
starten der Anwendung1
starten der Anwendung2
XRichtung: 
W
W
W

starten der Anwendung1
starten der Anwendung2
XRichtung: W

starten der Anwendung1
starten der Anwendung2
XRichtung: W
W

starten der Anwendung1
starten der Anwendung2
XRichtung: W

starten der Anwendung1
starten der Anwendung2
XRichtung: W

starten der Anwendung1
starten der Anwendung2
XRichtung: W

starten der Anwendung1
starten der Anwendung2
XRichtung: W

starten der Anwendung1
starten der Anwendung2
XRichtung: W

starten der Anwendung1
starten der Anwendung2
XRichtung: W
starten der Anwendung1
starten der Anwendung2
XRichtung: 
W

starten der Anwendung1
starten der Anwendung2
XRichtung: W

starten der Anwendung1
starten der Anwendung2
XRichtung: W

starten der Anwendung1
starten der Anwendung2
XRichtung: W
W

starten der Anwendung1
starten der Anwendung2
XRichtung: W

starten der Anwendung1
starten der Anwendung2
XRichtung: W

starten der Anwendung1
starten der Anwendung2
XRichtung: W

starten der Anwendung1
starten der Anwendung2
XRichtung: W
W
W
W

starten der Anwendung1
starten der Anwendung2
XRichtung: W

starten der Anwendung1
starten der Anwendung2
XRichtung: W

starten der Anwendung1
starten der Anwendung2
XRichtung: W

starten der Anwendung1
starten der Anwendung2
XRichtung: W

starten der Anwendung1
starten der Anwendung2
XRichtung: W

starten der Anwendung1
starten der Anwendung2
XRichtung: W
starten der Anwendung1
starten der Anwendung2
XRichtung: 
W

starten der Anwendung1
starten der Anwendung2
XRichtung: W

starten der Anwendung1
starten der Anwendung2
XRichtung: W

starten der Anwendung1
starten der Anwendung2
XRichtung: W

starten der Anwendung1
starten der Anwendung2
XRichtung: W

starten der Anwendung1
starten der Anwendung2
XRichtung: W

starten der Anwendung1
starten der Anwendung2
XRichtung: W

starten der Anwendung1
starten der Anwendung2
XRichtung: W
starten der Anwendung1
starten der Anwendung2
XRichtung: 

starten der Anwendung1
starten der Anwendung2
XRichtung: W

starten der Anwendung1
starten der Anwendung2
XRichtung: W

starten der Anwendung1
starten der Anwendung2
XRichtung: W

starten der Anwendung1
starten der Anwendung2
XRichtung: W

starten der Anwendung1
starten der Anwendung2
XRichtung: W
starten der Anwendung1
starten der Anwendung2
XRichtung: 

starten der Anwendung1
starten der Anwendung2
XRichtung: W
W
W

starten der Anwendung1
starten der Anwendung2
XRichtung: W

starten der Anwendung1
starten der Anwendung2
XRichtung: W
starten der Anwendung1
starten der Anwendung2
XRichtung: 
W

starten der Anwendung1
starten der Anwendung2
XRichtung: W

starten der Anwendung1
starten der Anwendung2
XRichtung: W
starten der Anwendung1
starten der Anwendung2
XRichtung: 

starten der Anwendung1
starten der Anwendung2
XRichtung: W

starten der Anwendung1
starten der Anwendung2
XRichtung: W

starten der Anwendung1
starten der Anwendung2
XRichtung: W
starten der Anwendung1
starten der Anwendung2
XRichtung: 

starten der Anwendung1
starten der Anwendung2
XRichtung: W

starten der Anwendung1
starten der Anwendung2
XRichtung: W

starten der Anwendung1
starten der Anwendung2
XRichtung: W

starten der Anwendung1
starten der Anwendung2
XRichtung: W

starten der Anwendung1
starten der Anwendung2
XRichtung: W
W

starten der Anwendung1
starten der Anwendung2
XRichtung: W
starten der Anwendung1
starten der Anwendung2
XRichtung: 
W

starten der Anwendung1
starten der Anwendung2
XRichtung: W

starten der Anwendung1
starten der Anwendung2
XRichtung: W

starten der Anwendung1
starten der Anwendung2
XRichtung: W
starten der Anwendung1
starten der Anwendung2
XRichtung: 
W

starten der Anwendung1
starten der Anwendung2
XRichtung: W

starten der Anwendung1
starten der Anwendung2
XRichtung: W
starten der Anwendung1
starten der Anwendung2
XRichtung: 

starten der Anwendung1
starten der Anwendung2
XRichtung: W

starten der Anwendung1
starten der Anwendung2
XRichtung: W

starten der Anwendung1
starten der Anwendung2
XRichtung: W

starten der Anwendung1
starten der Anwendung2
XRichtung: W

starten der Anwendung1
starten der Anwendung2
XRichtung: W

starten der Anwendung1
starten der Anwendung2
XRichtung: W

starten der Anwendung1
starten der Anwendung2
XRichtung: W

starten der Anwendung1
starten der Anwendung2
XRichtung: W

starten der Anwendung1
starten der Anwendung2
XRichtung: W

starten der Anwendung1
starten der Anwendung2
XRichtung: W

starten der Anwendung1
starten der Anwendung2
XRichtung: W

starten der Anwendung1
starten der Anwendung2
XRichtung: W

starten der Anwendung1
starten der Anwendung2
XRichtung: W
starten der Anwendung1
starten der Anwendung2
XRichtung: 

starten der Anwendung1
starten der Anwendung2
XRichtung: W

starten der Anwendung1
starten der Anwendung2
XRichtung: W
starten der Anwendung1
starten der Anwendung2
XRichtung: 

starten der Anwendung1
starten der Anwendung2
XRichtung: W

starten der Anwendung1
starten der Anwendung2
XRichtung: W

starten der Anwendung1
starten der Anwendung2
XRichtung: W

starten der Anwendung1
starten der Anwendung2
XRichtung: W

starten der Anwendung1
starten der Anwendung2
XRichtung: W

starten der Anwendung1
starten der Anwendung2
XRichtung: W

starten der Anwendung1
starten der Anwendung2
XRichtung: W

starten der Anwendung1
starten der Anwendung2
XRichtung: W
starten der Anwendung1
starten der Anwendung2
XRichtung: 

starten der Anwendung1
starten der Anwendung2
XRichtung: W

starten der Anwendung1
starten der Anwendung2
XRichtung: W

starten der Anwendung1
starten der Anwendung2
XRichtung: W
starten der Anwendung1
starten der Anwendung2
XRichtung: 

starten der Anwendung1
starten der Anwendung2
XRichtung: W

starten der Anwendung1
starten der Anwendung2
XRichtung: W
starten der Anwendung1
starten der Anwendung2
XRichtung: 

starten der Anwendung1
starten der Anwendung2
XRichtung: W

starten der Anwendung1
starten der Anwendung2
XRichtung: W

starten der Anwendung1
starten der Anwendung2
XRichtung: W

starten der Anwendung1
starten der Anwendung2
XRichtung: W

starten der Anwendung1
starten der Anwendung2
XRichtung: W

starten der Anwendung1
starten der Anwendung2
XRichtung: W

starten der Anwendung1
starten der Anwendung2
XRichtung: W

starten der Anwendung1
starten der Anwendung2
XRichtung: W
starten der Anwendung1
starten der Anwendung2
XRichtung: 
W

starten der Anwendung1
starten der Anwendung2
XRichtung: W

starten der Anwendung1
starten der Anwendung2
XRichtung: W

starten der Anwendung1
starten der Anwendung2
XRichtung: W

starten der Anwendung1
starten der Anwendung2
XRichtung: W

starten der Anwendung1
starten der Anwendung2
XRichtung: W
starten der Anwendung1
starten der Anwendung2
XRichtung: 

starten der Anwendung1
starten der Anwendung2
XRichtung: W

starten der Anwendung1
starten der Anwendung2
XRichtung: W
starten der Anwendung1
starten der Anwendung2
XRichtung: 
W

starten der Anwendung1
starten der Anwendung2
XRichtung: W
starten der Anwendung1
starten der Anwendung2
XRichtung: 
W
W

starten der Anwendung1
starten der Anwendung2
XRichtung: W

starten der Anwendung1
starten der Anwendung2
XRichtung: W

starten der Anwendung1
starten der Anwendung2
XRichtung: W

starten der Anwendung1
starten der Anwendung2
XRichtung: W

starten der Anwendung1
starten der Anwendung2
XRichtung: W

starten der Anwendung1
starten der Anwendung2
XRichtung: W
starten der Anwendung1
starten der Anwendung2
XRichtung: 

starten der Anwendung1
starten der Anwendung2
XRichtung: W

starten der Anwendung1
starten der Anwendung2
XRichtung: W

starten der Anwendung1
starten der Anwendung2
XRichtung: W
starten der Anwendung1
starten der Anwendung2
XRichtung: 

starten der Anwendung1
starten der Anwendung2
XRichtung: W
W

starten der Anwendung1
starten der Anwendung2
XRichtung: W
starten der Anwendung1
starten der Anwendung2
XRichtung: 
W

starten der Anwendung1
starten der Anwendung2
XRichtung: W

starten der Anwendung1
starten der Anwendung2
XRichtung: W

starten der Anwendung1
starten der Anwendung2
XRichtung: W
starten der Anwendung1
starten der Anwendung2
XRichtung: 
W

starten der Anwendung1
starten der Anwendung2
XRichtung: W

starten der Anwendung1
starten der Anwendung2
XRichtung: W

starten der Anwendung1
starten der Anwendung2
XRichtung: W

starten der Anwendung1
starten der Anwendung2
XRichtung: W
starten der Anwendung1
starten der Anwendung2
XRichtung: 
W

starten der Anwendung1
starten der Anwendung2
XRichtung: W

starten der Anwendung1
starten der Anwendung2
XRichtung: W
starten der Anwendung1
starten der Anwendung2
XRichtung: 
W

starten der Anwendung1
starten der Anwendung2
XRichtung: W

starten der Anwendung1
starten der Anwendung2
XRichtung: W

starten der Anwendung1
starten der Anwendung2
XRichtung: W

starten der Anwendung1
starten der Anwendung2
XRichtung: W

starten der Anwendung1
starten der Anwendung2
XRichtung: W

starten der Anwendung1
starten der Anwendung2
XRichtung: W
starten der Anwendung1
starten der Anwendung2
XRichtung: 

starten der Anwendung1
starten der Anwendung2
XRichtung: W

starten der Anwendung1
starten der Anwendung2
XRichtung: W
starten der Anwendung1
starten der Anwendung2
XRichtung: 

starten der Anwendung1
starten der Anwendung2
XRichtung: W

starten der Anwendung1
starten der Anwendung2
XRichtung: W
starten der Anwendung1
starten der Anwendung2
XRichtung: 

starten der Anwendung1
starten der Anwendung2
XRichtung: W

starten der Anwendung1
starten der Anwendung2
XRichtung: W

starten der Anwendung1
starten der Anwendung2
XRichtung: W
starten der Anwendung1
starten der Anwendung2
XRichtung: 

starten der Anwendung1
starten der Anwendung2
XRichtung: W

starten der Anwendung1
starten der Anwendung2
XRichtung: W

starten der Anwendung1
starten der Anwendung2
XRichtung: W
starten der Anwendung1
starten der Anwendung2
XRichtung: 
W

starten der Anwendung1
starten der Anwendung2
XRichtung: W

starten der Anwendung1
starten der Anwendung2
XRichtung: W

starten der Anwendung1
starten der Anwendung2
XRichtung: W

starten der Anwendung1
starten der Anwendung2
XRichtung: W
starten der Anwendung1
starten der Anwendung2
XRichtung: 

starten der Anwendung1
starten der Anwendung2
XRichtung: W

starten der Anwendung1
starten der Anwendung2
XRichtung: W

starten der Anwendung1
starten der Anwendung2
XRichtung: W
starten der Anwendung1
starten der Anwendung2
XRichtung: 
W

starten der Anwendung1
starten der Anwendung2
XRichtung: W

starten der Anwendung1
starten der Anwendung2
XRichtung: W

starten der Anwendung1
starten der Anwendung2
XRichtung: W

starten der Anwendung1
starten der Anwendung2
XRichtung: W

starten der Anwendung1
starten der Anwendung2
XRichtung: W

starten der Anwendung1
starten der Anwendung2
XRichtung: W

starten der Anwendung1
starten der Anwendung2
XRichtung: W

starten der Anwendung1
starten der Anwendung2
XRichtung: W

starten der Anwendung1
starten der Anwendung2
XRichtung: W

starten der Anwendung1
starten der Anwendung2
XRichtung: W

starten der Anwendung1
starten der Anwendung2
XRichtung: W

starten der Anwendung1
starten der Anwendung2
XRichtung: W

starten der Anwendung1
starten der Anwendung2
XRichtung: W

starten der Anwendung1
starten der Anwendung2
XRichtung: W
starten der Anwendung1
starten der Anwendung2
XRichtung: 
W

starten der Anwendung1
starten der Anwendung2
XRichtung: W

starten der Anwendung1
starten der Anwendung2
XRichtung: W
starten der Anwendung1
starten der Anwendung2
XRichtung: 
W
W
W
W
W

starten der Anwendung1
starten der Anwendung2
XRichtung: W

starten der Anwendung1
starten der Anwendung2
XRichtung: W
starten der Anwendung1
starten der Anwendung2
XRichtung: 

starten der Anwendung1
starten der Anwendung2
XRichtung: W

starten der Anwendung1
starten der Anwendung2
XRichtung: W

starten der Anwendung1
starten der Anwendung2
XRichtung: W

starten der Anwendung1
starten der Anwendung2
XRichtung: W
starten der Anwendung1
starten der Anwendung2
XRichtung: 

starten der Anwendung1
starten der Anwendung2
XRichtung: W

starten der Anwendung1
starten der Anwendung2
XRichtung: W

starten der Anwendung1
starten der Anwendung2
XRichtung: W

starten der Anwendung1
starten der Anwendung2
XRichtung: W
starten der Anwendung1
starten der Anwendung2
XRichtung: 
W

starten der Anwendung1
starten der Anwendung2
XRichtung: W
starten der Anwendung1
starten der Anwendung2
XRichtung: 
W

starten der Anwendung1
starten der Anwendung2
XRichtung: W
W

starten der Anwendung1
starten der Anwendung2
XRichtung: W
starten der Anwendung1
starten der Anwendung2
XRichtung: 

starten der Anwendung1
starten der Anwendung2
XRichtung: W

starten der Anwendung1
starten der Anwendung2
XRichtung: W

starten der Anwendung1
starten der Anwendung2
XRichtung: W
starten der Anwendung1
starten der Anwendung2
XRichtung: 
W

starten der Anwendung1
starten der Anwendung2
XRichtung: W

starten der Anwendung1
starten der Anwendung2
XRichtung: W
starten der Anwendung1
starten der Anwendung2
XRichtung: 

starten der Anwendung1
starten der Anwendung2
XRichtung: W

starten der Anwendung1
starten der Anwendung2
XRichtung: W

starten der Anwendung1
starten der Anwendung2
XRichtung: W

starten der Anwendung1
starten der Anwendung2
XRichtung: W
starten der Anwendung1
starten der Anwendung2
XRichtung: 
W
W

starten der Anwendung1
starten der Anwendung2
XRichtung: W

starten der Anwendung1
starten der Anwendung2
XRichtung: W
starten der Anwendung1
starten der Anwendung2
XRichtung: 

starten der Anwendung1
starten der Anwendung2
XRichtung: W

starten der Anwendung1
starten der Anwendung2
XRichtung: W
starten der Anwendung1
starten der Anwendung2
XRichtung: 
W
W

starten der Anwendung1
starten der Anwendung2
XRichtung: W

starten der Anwendung1
starten der Anwendung2
XRichtung: W

starten der Anwendung1
starten der Anwendung2
XRichtung: W
starten der Anwendung1
starten der Anwendung2
XRichtung: 

starten der Anwendung1
starten der Anwendung2
XRichtung: W

starten der Anwendung1
starten der Anwendung2
XRichtung: W

starten der Anwendung1
starten der Anwendung2
XRichtung: W
starten der Anwendung1
starten der Anwendung2
XRichtung: 

starten der Anwendung1
starten der Anwendung2
XRichtung: W

starten der Anwendung1
starten der Anwendung2
XRichtung: W
W
W

starten der Anwendung1
starten der Anwendung2
XRichtung: W
starten der Anwendung1
starten der Anwendung2
XRichtung: 

starten der Anwendung1
starten der Anwendung2
XRichtung: W
W

starten der Anwendung1
starten der Anwendung2
XRichtung: W

starten der Anwendung1
starten der Anwendung2
XRichtung: W
starten der Anwendung1
starten der Anwendung2
XRichtung: 

starten der Anwendung1
starten der Anwendung2
XRichtung: W

starten der Anwendung1
starten der Anwendung2
XRichtung: W

starten der Anwendung1
starten der Anwendung2
XRichtung: W
starten der Anwendung1
starten der Anwendung2
XRichtung: 
W

starten der Anwendung1
starten der Anwendung2
XRichtung: W

starten der Anwendung1
starten der Anwendung2
XRichtung: W
starten der Anwendung1
starten der Anwendung2
XRichtung: 
W
W

starten der Anwendung1
starten der Anwendung2
XRichtung: W

starten der Anwendung1
starten der Anwendung2
XRichtung: W
starten der Anwendung1
starten der Anwendung2
XRichtung: 
W

starten der Anwendung1
starten der Anwendung2
XRichtung: W

starten der Anwendung1
starten der Anwendung2
XRichtung: W

starten der Anwendung1
starten der Anwendung2
XRichtung: W

starten der Anwendung1
starten der Anwendung2
XRichtung: W
starten der Anwendung1
starten der Anwendung2
XRichtung: 

starten der Anwendung1
starten der Anwendung2
XRichtung: W

starten der Anwendung1
starten der Anwendung2
XRichtung: W
starten der Anwendung1
starten der Anwendung2
XRichtung: 

starten der Anwendung1
starten der Anwendung2
XRichtung: W

starten der Anwendung1
starten der Anwendung2
XRichtung: W

starten der Anwendung1
starten der Anwendung2
XRichtung: W

starten der Anwendung1
starten der Anwendung2
XRichtung: W
starten der Anwendung1
starten der Anwendung2
XRichtung: 
W
W

starten der Anwendung1
starten der Anwendung2
XRichtung: W
starten der Anwendung1
starten der Anwendung2
XRichtung: 
W

starten der Anwendung1
starten der Anwendung2
XRichtung: W

starten der Anwendung1
starten der Anwendung2
XRichtung: W

starten der Anwendung1
starten der Anwendung2
XRichtung: W
starten der Anwendung1
starten der Anwendung2
XRichtung: 
W

starten der Anwendung1
starten der Anwendung2
XRichtung: W

starten der Anwendung1
starten der Anwendung2
XRichtung: W

starten der Anwendung1
starten der Anwendung2
XRichtung: W
starten der Anwendung1
starten der Anwendung2
XRichtung: 
W

starten der Anwendung1
starten der Anwendung2
XRichtung: W

starten der Anwendung1
starten der Anwendung2
XRichtung: W
starten der Anwendung1
starten der Anwendung2
XRichtung: 
W

starten der Anwendung1
starten der Anwendung2
XRichtung: W

starten der Anwendung1
starten der Anwendung2
XRichtung: W

starten der Anwendung1
starten der Anwendung2
XRichtung: W
starten der Anwendung1
starten der Anwendung2
XRichtung: 
W

starten der Anwendung1
starten der Anwendung2
XRichtung: W

starten der Anwendung1
starten der Anwendung2
XRichtung: W

starten der Anwendung1
starten der Anwendung2
XRichtung: W
starten der Anwendung1
starten der Anwendung2
XRichtung: 

starten der Anwendung1
starten der Anwendung2
XRichtung: W

starten der Anwendung1
starten der Anwendung2
XRichtung: W

starten der Anwendung1
starten der Anwendung2
XRichtung: W
starten der Anwendung1
starten der Anwendung2
XRichtung: 

starten der Anwendung1
starten der Anwendung2
XRichtung: W

starten der Anwendung1
starten der Anwendung2
XRichtung: W

starten der Anwendung1
starten der Anwendung2
XRichtung: W

starten der Anwendung1
starten der Anwendung2
XRichtung: W

starten der Anwendung1
starten der Anwendung2
XRichtung: W

starten der Anwendung1
starten der Anwendung2
XRichtung: W

starten der Anwendung1
starten der Anwendung2
XRichtung: W

starten der Anwendung1
starten der Anwendung2
XRichtung: W
W

starten der Anwendung1
starten der Anwendung2
XRichtung: W
starten der Anwendung1
starten der Anwendung2
XRichtung: 
W

starten der Anwendung1
starten der Anwendung2
XRichtung: W

starten der Anwendung1
starten der Anwendung2
XRichtung: W
starten der Anwendung1
starten der Anwendung2
XRichtung: 
W

starten der Anwendung1
starten der Anwendung2
XRichtung: W

starten der Anwendung1
starten der Anwendung2
XRichtung: W
starten der Anwendung1
starten der Anwendung2
XRichtung: 

starten der Anwendung1
starten der Anwendung2
XRichtung: W

starten der Anwendung1
starten der Anwendung2
XRichtung: W

starten der Anwendung1
starten der Anwendung2
XRichtung: W

starten der Anwendung1
starten der Anwendung2
XRichtung: W

starten der Anwendung1
starten der Anwendung2
XRichtung: W

starten der Anwendung1
starten der Anwendung2
XRichtung: W
starten der Anwendung1
starten der Anwendung2
XRichtung: 
W

starten der Anwendung1
starten der Anwendung2
XRichtung: W
starten der Anwendung1
starten der Anwendung2
XRichtung: 
W

starten der Anwendung1
starten der Anwendung2
XRichtung: W

starten der Anwendung1
starten der Anwendung2
XRichtung: W

starten der Anwendung1
starten der Anwendung2
XRichtung: W
starten der Anwendung1
starten der Anwendung2
XRichtung: 
W

starten der Anwendung1
starten der Anwendung2
XRichtung: W

starten der Anwendung1
starten der Anwendung2
XRichtung: W

starten der Anwendung1
starten der Anwendung2
XRichtung: W
starten der Anwendung1
starten der Anwendung2
XRichtung: 
W

starten der Anwendung1
starten der Anwendung2
XRichtung: W

starten der Anwendung1
starten der Anwendung2
XRichtung: W
starten der Anwendung1
starten der Anwendung2
XRichtung: 
W

starten der Anwendung1
starten der Anwendung2
XRichtung: W

starten der Anwendung1
starten der Anwendung2
XRichtung: W

starten der Anwendung1
starten der Anwendung2
XRichtung: W

starten der Anwendung1
starten der Anwendung2
XRichtung: W
starten der Anwendung1
starten der Anwendung2
XRichtung: 
W

starten der Anwendung1
starten der Anwendung2
XRichtung: W
starten der Anwendung1
starten der Anwendung2
XRichtung: 
W

starten der Anwendung1
starten der Anwendung2
XRichtung: W
starten der Anwendung1
starten der Anwendung2
XRichtung: 

starten der Anwendung1
starten der Anwendung2
XRichtung: W

starten der Anwendung1
starten der Anwendung2
XRichtung: W

starten der Anwendung1
starten der Anwendung2
XRichtung: W

starten der Anwendung1
starten der Anwendung2
XRichtung: W

starten der Anwendung1
starten der Anwendung2
XRichtung: W

starten der Anwendung1
starten der Anwendung2
XRichtung: W

starten der Anwendung1
starten der Anwendung2
XRichtung: W
starten der Anwendung1
starten der Anwendung2
XRichtung: 
W

starten der Anwendung1
starten der Anwendung2
XRichtung: W

starten der Anwendung1
starten der Anwendung2
XRichtung: W
starten der Anwendung1
starten der Anwendung2
XRichtung: 

starten der Anwendung1
starten der Anwendung2
XRichtung: W

starten der Anwendung1
starten der Anwendung2
XRichtung: W

starten der Anwendung1
starten der Anwendung2
XRichtung: W
starten der Anwendung1
starten der Anwendung2
XRichtung: 
W

starten der Anwendung1
starten der Anwendung2
XRichtung: W

starten der Anwendung1
starten der Anwendung2
XRichtung: W
starten der Anwendung1
starten der Anwendung2
XRichtung: 
W

starten der Anwendung1
starten der Anwendung2
XRichtung: W

starten der Anwendung1
starten der Anwendung2
XRichtung: W

starten der Anwendung1
starten der Anwendung2
XRichtung: W

starten der Anwendung1
starten der Anwendung2
XRichtung: W
starten der Anwendung1
starten der Anwendung2
XRichtung: 

starten der Anwendung1
starten der Anwendung2
XRichtung: W

starten der Anwendung1
starten der Anwendung2
XRichtung: W

starten der Anwendung1
starten der Anwendung2
XRichtung: W
starten der Anwendung1
starten der Anwendung2
XRichtung: 
W

starten der Anwendung1
starten der Anwendung2
XRichtung: W

starten der Anwendung1
starten der Anwendung2
XRichtung: W
starten der Anwendung1
starten der Anwendung2
XRichtung: 
W

starten der Anwendung1
starten der Anwendung2
XRichtung: W

starten der Anwendung1
starten der Anwendung2
XRichtung: W

starten der Anwendung1
starten der Anwendung2
XRichtung: W

starten der Anwendung1
starten der Anwendung2
XRichtung: W
W

starten der Anwendung1
starten der Anwendung2
XRichtung: W

starten der Anwendung1
starten der Anwendung2
XRichtung: W
starten der Anwendung1
starten der Anwendung2
XRichtung: 
W

starten der Anwendung1
starten der Anwendung2
XRichtung: W

starten der Anwendung1
starten der Anwendung2
XRichtung: W
starten der Anwendung1
starten der Anwendung2
XRichtung: 
W

starten der Anwendung1
starten der Anwendung2
XRichtung: W

starten der Anwendung1
starten der Anwendung2
XRichtung: W

starten der Anwendung1
starten der Anwendung2
XRichtung: W
starten der Anwendung1
starten der Anwendung2
XRichtung: 
W

starten der Anwendung1
starten der Anwendung2
XRichtung: W
starten der Anwendung1
starten der Anwendung2
XRichtung: 
W

starten der Anwendung1
starten der Anwendung2
XRichtung: W

starten der Anwendung1
starten der Anwendung2
XRichtung: W

starten der Anwendung1
starten der Anwendung2
XRichtung: W
starten der Anwendung1
starten der Anwendung2
XRichtung: 
W

starten der Anwendung1
starten der Anwendung2
XRichtung: W
starten der Anwendung1
starten der Anwendung2
XRichtung: 
W

starten der Anwendung1
starten der Anwendung2
XRichtung: W
starten der Anwendung1
starten der Anwendung2
XRichtung: 

starten der Anwendung1
starten der Anwendung2
XRichtung: W
W

starten der Anwendung1
starten der Anwendung2
XRichtung: W
W

starten der Anwendung1
starten der Anwendung2
XRichtung: W

starten der Anwendung1
starten der Anwendung2
XRichtung: W

starten der Anwendung1
starten der Anwendung2
XRichtung: W
W
W
W
W

starten der Anwendung1
starten der Anwendung2
XRichtung: W
starten der Anwendung1
starten der Anwendung2
XRichtung: 
W
W

starten der Anwendung1
starten der Anwendung2
XRichtung: W
starten der Anwendung1
starten der Anwendung2
XRichtung: 
W

starten der Anwendung1
starten der Anwendung2
XRichtung: W
starten der Anwendung1
starten der Anwendung2
XRichtung: 
W

starten der Anwendung1
starten der Anwendung2
XRichtung: W
starten der Anwendung1
starten der Anwendung2
XRichtung: 
W

starten der Anwendung1
starten der Anwendung2
XRichtung: W

starten der Anwendung1
starten der Anwendung2
XRichtung: W

starten der Anwendung1
starten der Anwendung2
XRichtung: W

starten der Anwendung1
starten der Anwendung2
XRichtung: W

starten der Anwendung1
starten der Anwendung2
XRichtung: W

starten der Anwendung1
starten der Anwendung2
XRichtung: W

starten der Anwendung1
starten der Anwendung2
XRichtung: W
starten der Anwendung1
starten der Anwendung2
XRichtung: 
W

starten der Anwendung1
starten der Anwendung2
XRichtung: W
starten der Anwendung1
starten der Anwendung2
XRichtung: 

starten der Anwendung1
starten der Anwendung2
XRichtung: W

starten der Anwendung1
starten der Anwendung2
XRichtung: W

starten der Anwendung1
starten der Anwendung2
XRichtung: W
starten der Anwendung1
starten der Anwendung2
XRichtung: 
W

starten der Anwendung1
starten der Anwendung2
XRichtung: W
W

starten der Anwendung1
starten der Anwendung2
XRichtung: W
starten der Anwendung1
starten der Anwendung2
XRichtung: 
W

starten der Anwendung1
starten der Anwendung2
XRichtung: W

starten der Anwendung1
starten der Anwendung2
XRichtung: W

starten der Anwendung1
starten der Anwendung2
XRichtung: W

starten der Anwendung1
starten der Anwendung2
XRichtung: W
starten der Anwendung1
starten der Anwendung2
XRichtung: 

starten der Anwendung1
starten der Anwendung2
XRichtung: W

starten der Anwendung1
starten der Anwendung2
XRichtung: W

starten der Anwendung1
starten der Anwendung2
XRichtung: W

starten der Anwendung1
starten der Anwendung2
XRichtung: W
starten der Anwendung1
starten der Anwendung2
XRichtung: 
W

starten der Anwendung1
starten der Anwendung2
XRichtung: W
starten der Anwendung1
starten der Anwendung2
XRichtung: 

starten der Anwendung1
starten der Anwendung2
XRichtung: W

starten der Anwendung1
starten der Anwendung2
XRichtung: W

starten der Anwendung1
starten der Anwendung2
XRichtung: W

starten der Anwendung1
starten der Anwendung2
XRichtung: W

starten der Anwendung1
starten der Anwendung2
XRichtung: W

starten der Anwendung1
starten der Anwendung2
XRichtung: W

starten der Anwendung1
starten der Anwendung2
XRichtung: W

starten der Anwendung1
starten der Anwendung2
XRichtung: W
starten der Anwendung1
starten der Anwendung2
XRichtung: 

starten der Anwendung1
starten der Anwendung2
XRichtung: W
W

starten der Anwendung1
starten der Anwendung2
XRichtung: W
starten der Anwendung1
starten der Anwendung2
XRichtung: 

starten der Anwendung1
starten der Anwendung2
XRichtung: W

starten der Anwendung1
starten der Anwendung2
XRichtung: W

starten der Anwendung1
starten der Anwendung2
XRichtung: W
starten der Anwendung1
starten der Anwendung2
XRichtung: 
W

starten der Anwendung1
starten der Anwendung2
XRichtung: W

starten der Anwendung1
starten der Anwendung2
XRichtung: W

starten der Anwendung1
starten der Anwendung2
XRichtung: W

starten der Anwendung1
starten der Anwendung2
XRichtung: W

starten der Anwendung1
starten der Anwendung2
XRichtung: W

starten der Anwendung1
starten der Anwendung2
XRichtung: W

starten der Anwendung1
starten der Anwendung2
XRichtung: W
starten der Anwendung1
starten der Anwendung2
XRichtung: 
W

starten der Anwendung1
starten der Anwendung2
XRichtung: W

starten der Anwendung1
starten der Anwendung2
XRichtung: W

starten der Anwendung1
starten der Anwendung2
XRichtung: W
starten der Anwendung1
starten der Anwendung2
XRichtung: 
W

starten der Anwendung1
starten der Anwendung2
XRichtung: W
starten der Anwendung1
starten der Anwendung2
XRichtung: 

starten der Anwendung1
starten der Anwendung2
XRichtung: W

starten der Anwendung1
starten der Anwendung2
XRichtung: W

starten der Anwendung1
starten der Anwendung2
XRichtung: W

starten der Anwendung1
starten der Anwendung2
XRichtung: W

starten der Anwendung1
starten der Anwendung2
XRichtung: W

starten der Anwendung1
starten der Anwendung2
XRichtung: W

starten der Anwendung1
starten der Anwendung2
XRichtung: W
starten der Anwendung1
starten der Anwendung2
XRichtung: 

starten der Anwendung1
starten der Anwendung2
XRichtung: W

starten der Anwendung1
starten der Anwendung2
XRichtung: W

starten der Anwendung1
starten der Anwendung2
XRichtung: W

starten der Anwendung1
starten der Anwendung2
XRichtung: W

starten der Anwendung1
starten der Anwendung2
XRichtung: W

starten der Anwendung1
starten der Anwendung2
XRichtung: W
starten der Anwendung1
starten der Anwendung2
XRichtung: 

starten der Anwendung1
starten der Anwendung2
XRichtung: W

starten der Anwendung1
starten der Anwendung2
XRichtung: W

starten der Anwendung1
starten der Anwendung2
XRichtung: W
W

starten der Anwendung1
starten der Anwendung2
XRichtung: W
W
W

starten der Anwendung1
starten der Anwendung2
XRichtung: W

starten der Anwendung1
starten der Anwendung2
XRichtung: W

starten der Anwendung1
starten der Anwendung2
XRichtung: W
starten der Anwendung1
starten der Anwendung2
XRichtung: 
W

starten der Anwendung1
starten der Anwendung2
XRichtung: W
starten der Anwendung1
starten der Anwendung2
XRichtung: 

starten der Anwendung1
starten der Anwendung2
XRichtung: W

starten der Anwendung1
starten der Anwendung2
XRichtung: W

starten der Anwendung1
starten der Anwendung2
XRichtung: W

starten der Anwendung1
starten der Anwendung2
XRichtung: W

starten der Anwendung1
starten der Anwendung2
XRichtung: W
starten der Anwendung1
starten der Anwendung2
XRichtung: 
W

starten der Anwendung1
starten der Anwendung2
XRichtung: W

starten der Anwendung1
starten der Anwendung2
XRichtung: W

starten der Anwendung1
starten der Anwendung2
XRichtung: W
W

starten der Anwendung1
starten der Anwendung2
XRichtung: W

starten der Anwendung1
starten der Anwendung2
XRichtung: W

starten der Anwendung1
starten der Anwendung2
XRichtung: W

starten der Anwendung1
starten der Anwendung2
XRichtung: W

starten der Anwendung1
starten der Anwendung2
XRichtung: W

starten der Anwendung1
starten der Anwendung2
XRichtung: W
starten der Anwendung1
starten der Anwendung2
XRichtung: 
W

starten der Anwendung1
starten der Anwendung2
XRichtung: W

starten der Anwendung1
starten der Anwendung2
XRichtung: W
starten der Anwendung1
starten der Anwendung2
XRichtung: 
W
W
W
W
W
W

]]></system-out>
  <system-err><![CDATA[]]></system-err>
</testsuite>
