<?xml version="1.0" encoding="UTF-8"?>
<testsuite name="HarkenTest" tests="1" skipped="0" failures="0" errors="0" timestamp="2022-01-20T12:34:07" hostname="0279W10P" time="14.595">
  <properties/>
  <testcase name="HarkenTest" classname="HarkenTest" time="14.595"/>
  <system-out><![CDATA[Socket[addr=/192.168.188.21,port=9012,localport=52904]
Socket[addr=/192.168.188.24,port=9012,localport=52905]
Socket[addr=/192.168.188.27,port=9012,localport=52906]
Socket[addr=/192.168.188.30,port=9012,localport=52907]
ZRichtung-0
ZRichtung25149
1
ZRichtung-2
ZRichtung25048
3
ZRichtung-4
ZRichtung24947
5
ZRichtung-6
ZRichtung24846
7
ZRichtung-8
ZRichtung24745
9
ZRichtung-10
ZRichtung24644
11
ZRichtung-12
ZRichtung24543
13
ZRichtung-14
ZRichtung24442
15
ZRichtung-16
ZRichtung24341
17
ZRichtung-18
ZRichtung24240
19
ZRichtung-20
ZRichtung24139
21
ZRichtung-22
ZRichtung24038
23
ZRichtung-24
ZRichtung23937
25
ZRichtung-26
ZRichtung23836
27
ZRichtung-28
ZRichtung23735
29
ZRichtung-30
ZRichtung23634
31
ZRichtung-32
ZRichtung23533
33
ZRichtung-34
ZRichtung23432
35
ZRichtung-36
ZRichtung23331
37
ZRichtung-38
ZRichtung23230
39
ZRichtung-40
ZRichtung23129
41
ZRichtung-42
ZRichtung23028
43
ZRichtung-44
ZRichtung22927
45
ZRichtung-46
ZRichtung22826
47
ZRichtung-48
ZRichtung22725
49
ZRichtung-50
ZRichtung22624
51
ZRichtung-52
ZRichtung22523
53
ZRichtung-54
ZRichtung22422
55
ZRichtung-56
ZRichtung22321
57
ZRichtung-58
ZRichtung22220
59
ZRichtung-60
ZRichtung22119
61
ZRichtung-62
ZRichtung22018
63
ZRichtung-64
ZRichtung21917
65
ZRichtung-66
ZRichtung21816
67
ZRichtung-68
ZRichtung21715
69
ZRichtung-70
ZRichtung21614
71
ZRichtung-72
ZRichtung21513
73
ZRichtung-74
ZRichtung21412
75
ZRichtung-76
ZRichtung21311
77
ZRichtung-78
ZRichtung21210
79
ZRichtung-80
ZRichtung21109
81
ZRichtung-82
ZRichtung21008
83
ZRichtung-84
ZRichtung20907
85
ZRichtung-86
ZRichtung20806
87
ZRichtung-88
ZRichtung20705
89
ZRichtung-90
ZRichtung20604
91
ZRichtung-92
ZRichtung20503
93
ZRichtung-94
ZRichtung20402
95
ZRichtung-96
ZRichtung20301
97
ZRichtung-98
ZRichtung20200
99
ZRichtung-100
ZRichtung20099
101
ZRichtung-102
ZRichtung19998
103
ZRichtung-104
ZRichtung19897
105
ZRichtung-106
ZRichtung19796
107
ZRichtung-108
ZRichtung19695
109
ZRichtung-110
ZRichtung19594
111
ZRichtung-112
ZRichtung19493
113
ZRichtung-114
ZRichtung19392
115
ZRichtung-116
ZRichtung19291
117
ZRichtung-118
ZRichtung19190
119
ZRichtung-120
ZRichtung19089
121
ZRichtung-122
ZRichtung18988
123
ZRichtung-124
ZRichtung18887
125
ZRichtung-126
ZRichtung18786
127
ZRichtung-128
ZRichtung18685
129
ZRichtung-130
ZRichtung18584
131
ZRichtung-132
ZRichtung18483
133
ZRichtung-134
ZRichtung18382
135
ZRichtung-136
ZRichtung18281
137
ZRichtung-138
ZRichtung18180
139
ZRichtung-140
ZRichtung18079
141
ZRichtung-142
ZRichtung17978
143
ZRichtung-144
ZRichtung17877
145
ZRichtung-146
ZRichtung17776
147
ZRichtung-148
ZRichtung17675
149
ZRichtung-150
ZRichtung17574
151
ZRichtung-152
ZRichtung17473
153
ZRichtung-154
ZRichtung17372
155
ZRichtung-156
ZRichtung17271
157
ZRichtung-158
ZRichtung17170
159
ZRichtung-160
ZRichtung17069
161
ZRichtung-162
ZRichtung16968
163
ZRichtung-164
ZRichtung16867
165
ZRichtung-166
ZRichtung16766
167
ZRichtung-168
ZRichtung16665
169
ZRichtung-170
ZRichtung16564
171
ZRichtung-172
ZRichtung16463
173
ZRichtung-174
ZRichtung16362
175
ZRichtung-176
ZRichtung16261
177
ZRichtung-178
ZRichtung16160
179
ZRichtung-180
ZRichtung16059
181
ZRichtung-182
ZRichtung15958
183
ZRichtung-184
ZRichtung15857
185
ZRichtung-186
ZRichtung15756
187
ZRichtung-188
ZRichtung15655
189
ZRichtung-190
ZRichtung15554
191
ZRichtung-192
ZRichtung15453
193
ZRichtung-194
ZRichtung15352
195
ZRichtung-196
ZRichtung15251
197
ZRichtung-198
ZRichtung15150
199
ZRichtung-200
ZRichtung15049
201
ZRichtung-202
ZRichtung14948
203
ZRichtung-204
ZRichtung14847
205
ZRichtung-206
ZRichtung14746
207
ZRichtung-208
ZRichtung14645
209
ZRichtung-210
ZRichtung14544
211
ZRichtung-212
ZRichtung14443
213
ZRichtung-214
ZRichtung14342
215
ZRichtung-216
ZRichtung14241
217
ZRichtung-218
ZRichtung14140
219
ZRichtung-220
ZRichtung14039
221
ZRichtung-222
ZRichtung13938
223
ZRichtung-224
ZRichtung13837
225
ZRichtung-226
ZRichtung13736
227
ZRichtung-228
ZRichtung13635
229
ZRichtung-230
ZRichtung13534
231
ZRichtung-232
ZRichtung13433
233
ZRichtung-234
ZRichtung13332
235
ZRichtung-236
ZRichtung13231
237
ZRichtung-238
ZRichtung13130
239
ZRichtung-240
ZRichtung13029
241
ZRichtung-242
ZRichtung12928
243
ZRichtung-244
ZRichtung12827
245
ZRichtung-246
ZRichtung12726
247
ZRichtung-248
ZRichtung12625
249
ZRichtung-250
ZRichtung12524
251
ZRichtung-252
ZRichtung12423
253
ZRichtung-254
ZRichtung12322
255
ZRichtung-256
ZRichtung12221
257
ZRichtung-258
ZRichtung12120
259
ZRichtung-260
ZRichtung12019
261
ZRichtung-262
ZRichtung11918
263
ZRichtung-264
ZRichtung11817
265
ZRichtung-266
ZRichtung11716
267
ZRichtung-268
ZRichtung11615
269
ZRichtung-270
ZRichtung11514
271
ZRichtung-272
ZRichtung11413
273
ZRichtung-274
ZRichtung11312
275
ZRichtung-276
ZRichtung11211
277
ZRichtung-278
ZRichtung11110
279
ZRichtung-280
ZRichtung11009
281
ZRichtung-282
ZRichtung10908
283
ZRichtung-284
ZRichtung10807
285
ZRichtung-286
ZRichtung10706
287
ZRichtung-288
ZRichtung10605
289
ZRichtung-290
ZRichtung10504
291
ZRichtung-292
ZRichtung10403
293
ZRichtung-294
ZRichtung10302
295
ZRichtung-296
ZRichtung10201
297
ZRichtung-298
ZRichtung10100
299
ZRichtung-300
ZRichtung9999
301
ZRichtung-302
ZRichtung9898
303
ZRichtung-304
ZRichtung9797
305
ZRichtung-306
ZRichtung9696
307
ZRichtung-308
ZRichtung9595
309
ZRichtung-310
ZRichtung9494
311
ZRichtung-312
ZRichtung9393
313
ZRichtung-314
ZRichtung9292
315
ZRichtung-316
ZRichtung9191
317
ZRichtung-318
ZRichtung9090
319
ZRichtung-320
ZRichtung8989
321
ZRichtung-322
ZRichtung8888
323
ZRichtung-324
ZRichtung8787
325
ZRichtung-326
ZRichtung8686
327
ZRichtung-328
ZRichtung8585
329
ZRichtung-330
ZRichtung8484
331
ZRichtung-332
ZRichtung8383
333
ZRichtung-334
ZRichtung8282
335
ZRichtung-336
ZRichtung8181
337
ZRichtung-338
ZRichtung8080
339
ZRichtung-340
ZRichtung7979
341
ZRichtung-342
ZRichtung7878
343
ZRichtung-344
ZRichtung7777
345
ZRichtung-346
ZRichtung7676
347
ZRichtung-348
ZRichtung7575
349
ZRichtung-350
ZRichtung7474
351
ZRichtung-352
ZRichtung7373
353
ZRichtung-354
ZRichtung7272
355
ZRichtung-356
ZRichtung7171
357
ZRichtung-358
ZRichtung7070
359
ZRichtung-360
ZRichtung6969
361
ZRichtung-362
ZRichtung6868
363
ZRichtung-364
ZRichtung6767
365
ZRichtung-366
ZRichtung6666
367
ZRichtung-368
ZRichtung6565
369
ZRichtung-370
ZRichtung6464
371
ZRichtung-372
ZRichtung6363
373
ZRichtung-374
ZRichtung6262
375
ZRichtung-376
ZRichtung6161
377
ZRichtung-378
ZRichtung6060
379
ZRichtung-380
ZRichtung5959
381
ZRichtung-382
ZRichtung5858
383
ZRichtung-384
ZRichtung5757
385
ZRichtung-386
ZRichtung5656
387
ZRichtung-388
ZRichtung5555
389
ZRichtung-390
ZRichtung5454
391
ZRichtung-392
ZRichtung5353
393
ZRichtung-394
ZRichtung5252
395
ZRichtung-396
ZRichtung5151
397
ZRichtung-398
ZRichtung5050
399
ZRichtung-400
ZRichtung4949
401
ZRichtung-402
ZRichtung4848
403
ZRichtung-404
ZRichtung4747
405
ZRichtung-406
ZRichtung4646
407
ZRichtung-408
ZRichtung4545
409
ZRichtung-410
ZRichtung4444
411
ZRichtung-412
ZRichtung4343
413
ZRichtung-414
ZRichtung4242
415
ZRichtung-416
ZRichtung4141
417
ZRichtung-418
ZRichtung4040
419
ZRichtung-420
ZRichtung3939
421
ZRichtung-422
ZRichtung3838
423
ZRichtung-424
ZRichtung3737
425
ZRichtung-426
ZRichtung3636
427
ZRichtung-428
ZRichtung3535
429
ZRichtung-430
ZRichtung3434
431
ZRichtung-432
ZRichtung3333
433
ZRichtung-434
ZRichtung3232
435
ZRichtung-436
ZRichtung3131
437
ZRichtung-438
ZRichtung3030
439
ZRichtung-440
ZRichtung2929
441
ZRichtung-442
ZRichtung2828
443
ZRichtung-444
ZRichtung2727
445
ZRichtung-446
ZRichtung2626
447
ZRichtung-448
ZRichtung2525
449
ZRichtung-450
ZRichtung2424
451
ZRichtung-452
ZRichtung2323
453
ZRichtung-454
ZRichtung2222
455
ZRichtung-456
ZRichtung2121
457
ZRichtung-458
ZRichtung2020
459
ZRichtung-460
ZRichtung1919
461
ZRichtung-462
ZRichtung1818
463
ZRichtung-464
ZRichtung1717
465
ZRichtung-466
ZRichtung1616
467
ZRichtung-468
ZRichtung1515
469
ZRichtung-470
ZRichtung1414
471
ZRichtung-472
ZRichtung1313
473
ZRichtung-474
ZRichtung1212
475
ZRichtung-476
ZRichtung1111
477
ZRichtung-478
ZRichtung1010
479
ZRichtung-480
ZRichtung909
481
ZRichtung-482
ZRichtung808
483
ZRichtung-484
ZRichtung707
485
ZRichtung-486
ZRichtung606
487
ZRichtung-488
ZRichtung505
489
ZRichtung-490
ZRichtung404
491
ZRichtung-492
ZRichtung303
493
ZRichtung-494
ZRichtung202
495
ZRichtung-496
ZRichtung101
497
ZRichtung0498
ZRichtung
499
]]></system-out>
  <system-err><![CDATA[]]></system-err>
</testsuite>
